  gobang.cpp
c:\users\叶哲文\documents\visual studio 2015\projects\gobang\gobang\gobangDlg.h(58): warning C4996: 'gethostbyname': Use getaddrinfo() or GetAddrInfoW() instead or define _WINSOCK_DEPRECATED_NO_WARNINGS to disable deprecated API warnings
  C:\Program Files (x86)\Windows Kits\8.1\Include\um\winsock2.h(2238): note: 参见“gethostbyname”的声明
  gobangDlg.cpp
c:\users\叶哲文\documents\visual studio 2015\projects\gobang\gobang\gobangDlg.h(58): warning C4996: 'gethostbyname': Use getaddrinfo() or GetAddrInfoW() instead or define _WINSOCK_DEPRECATED_NO_WARNINGS to disable deprecated API warnings
  C:\Program Files (x86)\Windows Kits\8.1\Include\um\winsock2.h(2238): note: 参见“gethostbyname”的声明
gobangDlg.cpp(270): warning C4101: “win”: 未引用的局部变量
gobangDlg.cpp(340): warning C4804: “~”: 在操作中使用类型“bool”不安全
gobangDlg.cpp(340): warning C4800: “int”: 将值强制为布尔值“true”或“false”(性能警告)
gobangDlg.cpp(341): warning C4800: “int”: 将值强制为布尔值“true”或“false”(性能警告)
gobangDlg.cpp(537): warning C4800: “int”: 将值强制为布尔值“true”或“false”(性能警告)
  setaddress.cpp
c:\users\叶哲文\documents\visual studio 2015\projects\gobang\gobang\gobangDlg.h(58): warning C4996: 'gethostbyname': Use getaddrinfo() or GetAddrInfoW() instead or define _WINSOCK_DEPRECATED_NO_WARNINGS to disable deprecated API warnings
  C:\Program Files (x86)\Windows Kits\8.1\Include\um\winsock2.h(2238): note: 参见“gethostbyname”的声明
setaddress.cpp(56): warning C4244: “参数”: 从“long”转换到“u_short”，可能丢失数据
setaddress.cpp(77): warning C4996: 'gethostbyname': Use getaddrinfo() or GetAddrInfoW() instead or define _WINSOCK_DEPRECATED_NO_WARNINGS to disable deprecated API warnings
  C:\Program Files (x86)\Windows Kits\8.1\Include\um\winsock2.h(2238): note: 参见“gethostbyname”的声明
  正在生成代码
c:\users\叶哲文\documents\visual studio 2015\projects\gobang\gobang\chess.cpp(76): warning C4715: “chess::undo”: 不是所有的控件路径都返回值
c:\users\叶哲文\documents\visual studio 2015\projects\gobang\gobang\gobangdlg.cpp(385): warning C4715: “CgobangDlg::connect_s”: 不是所有的控件路径都返回值
  45 of 312 functions (14.4%) were compiled, the rest were copied from previous compilation.
    24 functions were new in current compilation
    32 functions had inline decision re-evaluated but remain unchanged
  已完成代码的生成
  gobang.vcxproj -> C:\Users\叶哲文\documents\visual studio 2015\Projects\gobang\Release\gobang.exe
